0 info it worked if it ends with ok
1 verbose cli [ 'C:\\Program Files\\nodejs\\node.exe',
1 verbose cli   'C:\\Program Files\\nodejs\\node_modules\\npm\\bin\\npm-cli.js',
1 verbose cli   'install',
1 verbose cli   'angular-cookies@X.Y.Z' ]
2 info using npm@2.14.3
3 info using node@v4.1.0
4 verbose install initial load of C:\xampp\htdocs\taskorganiser\package.json
5 warn package.json Grunt@1.0.0 No repository field.
6 warn package.json Grunt@1.0.0 No README data
7 verbose installManyTop reading scoped package data from C:\xampp\htdocs\taskorganiser\node_modules\autoprefixer\package.json
8 verbose installManyTop reading scoped package data from C:\xampp\htdocs\taskorganiser\node_modules\cssnano\package.json
9 verbose installManyTop reading scoped package data from C:\xampp\htdocs\taskorganiser\node_modules\grunt\package.json
10 verbose installManyTop reading scoped package data from C:\xampp\htdocs\taskorganiser\node_modules\grunt-contrib-concat\package.json
11 verbose installManyTop reading scoped package data from C:\xampp\htdocs\taskorganiser\node_modules\grunt-contrib-imagemin\package.json
12 verbose installManyTop reading scoped package data from C:\xampp\htdocs\taskorganiser\node_modules\grunt-contrib-jshint\package.json
13 verbose installManyTop reading scoped package data from C:\xampp\htdocs\taskorganiser\node_modules\grunt-contrib-less\package.json
14 verbose installManyTop reading scoped package data from C:\xampp\htdocs\taskorganiser\node_modules\grunt-contrib-uglify\package.json
15 verbose installManyTop reading scoped package data from C:\xampp\htdocs\taskorganiser\node_modules\grunt-contrib-watch\package.json
16 verbose installManyTop reading scoped package data from C:\xampp\htdocs\taskorganiser\node_modules\grunt-postcss\package.json
17 verbose installManyTop reading scoped package data from C:\xampp\htdocs\taskorganiser\node_modules\grunt-svgstore\package.json
18 verbose installManyTop reading scoped package data from C:\xampp\htdocs\taskorganiser\node_modules\load-grunt-tasks\package.json
19 info package.json grunt@0.4.5 No license field.
20 info package.json grunt-contrib-concat@0.5.1 No license field.
21 info package.json grunt-contrib-watch@0.6.1 No license field.
22 info package.json grunt-svgstore@0.5.0 No license field.
23 verbose readDependencies loading dependencies from C:\xampp\htdocs\taskorganiser\package.json
24 silly cache add args [ 'angular-cookies@X.Y.Z', null ]
25 verbose cache add spec angular-cookies@X.Y.Z
26 silly cache add parsed spec Result {
26 silly cache add   raw: 'angular-cookies@X.Y.Z',
26 silly cache add   scope: null,
26 silly cache add   name: 'angular-cookies',
26 silly cache add   rawSpec: 'X.Y.Z',
26 silly cache add   spec: 'X.Y.Z',
26 silly cache add   type: 'tag' }
27 silly addNamed angular-cookies@X.Y.Z
28 verbose addNamed "X.Y.Z" is being treated as a dist-tag for angular-cookies
29 info addNameTag [ 'angular-cookies', 'X.Y.Z' ]
30 silly mapToRegistry name angular-cookies
31 silly mapToRegistry using default registry
32 silly mapToRegistry registry https://registry.npmjs.org/
33 silly mapToRegistry uri https://registry.npmjs.org/angular-cookies
34 verbose addNameTag registry:https://registry.npmjs.org/angular-cookies not in flight; fetching
35 verbose request uri https://registry.npmjs.org/angular-cookies
36 verbose request no auth needed
37 info attempt registry request try #1 at 5:21:49 PM
38 verbose request id 1144b63e0f9dd4af
39 verbose etag "3C8SE7OCR3W8430IXIJ1XCXRJ"
40 http request GET https://registry.npmjs.org/angular-cookies
41 http 304 https://registry.npmjs.org/angular-cookies
42 silly get cb [ 304,
42 silly get   { date: 'Mon, 12 Sep 2016 14:21:50 GMT',
42 silly get     via: '1.1 varnish',
42 silly get     'cache-control': 'max-age=300',
42 silly get     etag: '"3C8SE7OCR3W8430IXIJ1XCXRJ"',
42 silly get     age: '0',
42 silly get     connection: 'keep-alive',
42 silly get     'x-served-by': 'cache-bma7022-BMA',
42 silly get     'x-cache': 'HIT',
42 silly get     'x-cache-hits': '1',
42 silly get     'x-timer': 'S1473690110.344145,VS0,VE833',
42 silly get     vary: 'Accept-Encoding' } ]
43 verbose etag https://registry.npmjs.org/angular-cookies from cache
44 verbose get saving angular-cookies to C:\Users\Georgi\AppData\Roaming\npm-cache\registry.npmjs.org\angular-cookies\.cache.json
45 silly addNameTag next cb for angular-cookies with tag X.Y.Z
46 verbose stack Error: No compatible version found: angular-cookies@'X.Y.Z'
46 verbose stack Valid install targets:
46 verbose stack ["1.2.20","1.2.0","1.2.1","1.2.2","1.2.3","1.2.4","1.2.5","1.2.6","1.2.7","1.2.8","1.2.9","1.2.10","1.2.11","1.2.12","1.2.13","1.2.14","1.2.15","1.2.16","1.2.17","1.2.18","1.2.19","1.3.0-rc.5","1.3.0","1.3.1","1.3.2","1.3.3","1.3.4-build.3588","1.2.27","1.3.4","1.3.5","1.3.6","1.3.7","1.2.28","1.3.8","1.4.0-beta.0","1.3.9","1.3.10","1.4.0-beta.1","1.4.0-beta.2","1.3.11","1.4.0-beta.3","1.3.12","1.3.13","1.4.0-beta.4","1.3.14","1.4.0-beta.5","1.4.0-beta.6","1.3.15","1.4.0-rc.0","1.4.0-rc.1","1.4.0-rc.2","1.4.0","1.3.16","1.4.1","1.4.2","1.3.17","1.4.3","1.4.4","1.3.18","1.4.5","1.3.19","1.4.6","1.5.0-beta.0","1.2.29","1.3.20","1.4.7","1.5.0-beta.2","1.4.8","1.5.0-rc.0","1.5.0-rc.1","1.4.9","1.5.0-rc.2","1.5.0","1.5.1","1.4.10","1.5.2","1.5.3","1.5.5","1.4.11","1.5.6","1.4.12","1.5.7","1.2.30","1.5.8"]
46 verbose stack
46 verbose stack     at installTargetsError (C:\Program Files\nodejs\node_modules\npm\lib\cache\add-named.js:278:12)
46 verbose stack     at next (C:\Program Files\nodejs\node_modules\npm\lib\cache\add-named.js:94:10)
46 verbose stack     at RES (C:\Program Files\nodejs\node_modules\npm\node_modules\inflight\inflight.js:23:14)
46 verbose stack     at f (C:\Program Files\nodejs\node_modules\npm\node_modules\once\once.js:17:25)
46 verbose stack     at fixName (C:\Program Files\nodejs\node_modules\npm\lib\cache\add-named.js:29:5)
46 verbose stack     at saved (C:\Program Files\nodejs\node_modules\npm\lib\cache\caching-client.js:173:7)
46 verbose stack     at C:\Program Files\nodejs\node_modules\npm\node_modules\graceful-fs\polyfills.js:210:7
46 verbose stack     at FSReqWrap.oncomplete (fs.js:82:15)
47 verbose cwd C:\xampp\htdocs\taskorganiser
48 error Windows_NT 10.0.14393
49 error argv "C:\\Program Files\\nodejs\\node.exe" "C:\\Program Files\\nodejs\\node_modules\\npm\\bin\\npm-cli.js" "install" "angular-cookies@X.Y.Z"
50 error node v4.1.0
51 error npm  v2.14.3
52 error code ETARGET
53 error notarget No compatible version found: angular-cookies@'X.Y.Z'
53 error notarget Valid install targets:
53 error notarget ["1.2.20","1.2.0","1.2.1","1.2.2","1.2.3","1.2.4","1.2.5","1.2.6","1.2.7","1.2.8","1.2.9","1.2.10","1.2.11","1.2.12","1.2.13","1.2.14","1.2.15","1.2.16","1.2.17","1.2.18","1.2.19","1.3.0-rc.5","1.3.0","1.3.1","1.3.2","1.3.3","1.3.4-build.3588","1.2.27","1.3.4","1.3.5","1.3.6","1.3.7","1.2.28","1.3.8","1.4.0-beta.0","1.3.9","1.3.10","1.4.0-beta.1","1.4.0-beta.2","1.3.11","1.4.0-beta.3","1.3.12","1.3.13","1.4.0-beta.4","1.3.14","1.4.0-beta.5","1.4.0-beta.6","1.3.15","1.4.0-rc.0","1.4.0-rc.1","1.4.0-rc.2","1.4.0","1.3.16","1.4.1","1.4.2","1.3.17","1.4.3","1.4.4","1.3.18","1.4.5","1.3.19","1.4.6","1.5.0-beta.0","1.2.29","1.3.20","1.4.7","1.5.0-beta.2","1.4.8","1.5.0-rc.0","1.5.0-rc.1","1.4.9","1.5.0-rc.2","1.5.0","1.5.1","1.4.10","1.5.2","1.5.3","1.5.5","1.4.11","1.5.6","1.4.12","1.5.7","1.2.30","1.5.8"]
53 error notarget
53 error notarget This is most likely not a problem with npm itself.
53 error notarget In most cases you or one of your dependencies are requesting
53 error notarget a package version that doesn't exist.
53 error notarget
53 error notarget It was specified as a dependency of 'Grunt'
54 verbose exit [ 1, true ]
